<?xml version="1.0" encoding="UTF-8"?>
<testng-results skipped="0" failed="0" total="1" passed="1">
  <reporter-output>
  </reporter-output>
  <suite name="Default suite" duration-ms="5202" started-at="2018-10-16T17:05:17Z" finished-at="2018-10-16T17:05:22Z">
    <groups>
      <group name="cucumber">
        <method signature="Testcases.feature(cucumber.api.testng.CucumberFeatureWrapper)[pri:0, instance:com.cucumber.tests.Testcases@224edc67]" name="feature" class="com.cucumber.tests.Testcases"/>
      </group> <!-- cucumber -->
    </groups>
    <test name="Default test" duration-ms="5202" started-at="2018-10-16T17:05:17Z" finished-at="2018-10-16T17:05:22Z">
      <class name="com.cucumber.tests.Testcases">
        <test-method status="PASS" signature="setUpClass()[pri:0, instance:com.cucumber.tests.Testcases@224edc67]" name="setUpClass" is-config="true" duration-ms="3210" started-at="2018-10-16T22:35:17Z" finished-at="2018-10-16T22:35:20Z">
          <reporter-output>
          </reporter-output>
        </test-method> <!-- setUpClass -->
        <test-method status="PASS" signature="feature(cucumber.api.testng.CucumberFeatureWrapper)[pri:0, instance:com.cucumber.tests.Testcases@224edc67]" name="feature" duration-ms="1834" started-at="2018-10-16T22:35:20Z" description="Runs Cucumber Feature" data-provider="features" finished-at="2018-10-16T22:35:22Z">
          <params>
            <param index="0">
              <value>
                <![CDATA[Demo]]>
              </value>
            </param>
          </params>
          <reporter-output>
          </reporter-output>
        </test-method> <!-- feature -->
        <test-method status="PASS" signature="tearDownClass()[pri:0, instance:com.cucumber.tests.Testcases@224edc67]" name="tearDownClass" is-config="true" duration-ms="14" started-at="2018-10-16T22:35:22Z" finished-at="2018-10-16T22:35:22Z">
          <reporter-output>
          </reporter-output>
        </test-method> <!-- tearDownClass -->
      </class> <!-- com.cucumber.tests.Testcases -->
    </test> <!-- Default test -->
  </suite> <!-- Default suite -->
</testng-results>
